<?xml version="1.0" encoding="UTF-8"?>
<testng-results ignored="0" total="1" passed="1" failed="0" skipped="0">
  <reporter-output>
  </reporter-output>
  <suite started-at="2021-05-09T16:36:56 CDT" name="Default suite" finished-at="2021-05-09T16:37:00 CDT" duration-ms="3282">
    <groups>
    </groups>
    <test started-at="2021-05-09T16:36:56 CDT" name="Default test" finished-at="2021-05-09T16:37:00 CDT" duration-ms="3282">
      <class name="NewTestNgClass1">
        <test-method signature="firsttest()[pri:0, instance:NewTestNgClass1@6e0dec4a]" started-at="2021-05-09T16:36:56 CDT" name="firsttest" finished-at="2021-05-09T16:37:00 CDT" duration-ms="3246" status="PASS">
          <reporter-output>
          </reporter-output>
        </test-method> <!-- firsttest -->
      </class> <!-- NewTestNgClass1 -->
    </test> <!-- Default test -->
  </suite> <!-- Default suite -->
</testng-results>
